<?xml version="1.0" encoding="UTF-8"?>
<testsuite xmlns:xsi="http://www.w3.org/2001/XMLSchema-instance" xsi:noNamespaceSchemaLocation="https://maven.apache.org/surefire/maven-surefire-plugin/xsd/surefire-test-report-3.0.xsd" version="3.0" name="flightapp.FlightServiceTest" time="13.65" tests="5" errors="0" skipped="0" failures="0">
  <properties>
[...]
</properties>
  <testcase name="runTest[0]" classname="flightapp.FlightServiceTest" time="2.068">
    <system-out><![CDATA[Running test setup...
... using dbconn.properties for test credentials
... resetting database (ie, dropping all tables with suffix: chinehuu)
... running createTables.sql

Starting tests
Running test file: /Users/chin-erdenegantulga/Documents/cse344/hw6/project/cases/no_transaction/login/login_success.test.txt
]]></system-out>
  </testcase>
  <testcase name="runTest[1]" classname="flightapp.FlightServiceTest" time="2.622">
    <system-out><![CDATA[Running test file: /Users/chin-erdenegantulga/Documents/cse344/hw6/project/cases/no_transaction/login/login_already.test.txt
]]></system-out>
  </testcase>
  <testcase name="runTest[2]" classname="flightapp.FlightServiceTest" time="1.901">
    <system-out><![CDATA[Running test file: /Users/chin-erdenegantulga/Documents/cse344/hw6/project/cases/no_transaction/login/login_basic.test.txt
]]></system-out>
  </testcase>
  <testcase name="runTest[3]" classname="flightapp.FlightServiceTest" time="1.852">
    <system-out><![CDATA[Running test file: /Users/chin-erdenegantulga/Documents/cse344/hw6/project/cases/no_transaction/login/login_wrongPassword.test.txt
]]></system-out>
  </testcase>
  <testcase name="runTest[4]" classname="flightapp.FlightServiceTest" time="1.822">
    <system-out><![CDATA[Running test file: /Users/chin-erdenegantulga/Documents/cse344/hw6/project/cases/no_transaction/login/login_single.test.txt
]]></system-out>
  </testcase>
</testsuite>